{"E:\\Trabalho-Final-Teste-de-Software-GildedRose\\js-jest\\src\\gilded_rose.js": {"path":"E:\\Trabalho-Final-Teste-de-Software-GildedRose\\js-jest\\src\\gilded_rose.js","statementMap":{"0":{"start":{"line":3,"column":4},"end":{"line":3,"column":21}},"1":{"start":{"line":4,"column":4},"end":{"line":4,"column":25}},"2":{"start":{"line":5,"column":4},"end":{"line":5,"column":27}},"3":{"start":{"line":10,"column":16},"end":{"line":18,"column":1}},"4":{"start":{"line":14,"column":4},"end":{"line":14,"column":42}},"5":{"start":{"line":14,"column":26},"end":{"line":14,"column":42}},"6":{"start":{"line":15,"column":4},"end":{"line":15,"column":42}},"7":{"start":{"line":15,"column":26},"end":{"line":15,"column":42}},"8":{"start":{"line":16,"column":4},"end":{"line":16,"column":17}},"9":{"start":{"line":23,"column":4},"end":{"line":23,"column":34}},"10":{"start":{"line":25,"column":4},"end":{"line":27,"column":5}},"11":{"start":{"line":26,"column":6},"end":{"line":26,"column":23}},"12":{"start":{"line":29,"column":4},"end":{"line":31,"column":5}},"13":{"start":{"line":30,"column":6},"end":{"line":30,"column":35}},"14":{"start":{"line":33,"column":4},"end":{"line":33,"column":47}},"15":{"start":{"line":49,"column":4},"end":{"line":49,"column":54}},"16":{"start":{"line":55,"column":4},"end":{"line":57,"column":5}},"17":{"start":{"line":56,"column":6},"end":{"line":56,"column":29}},"18":{"start":{"line":61,"column":4},"end":{"line":63,"column":5}},"19":{"start":{"line":62,"column":6},"end":{"line":62,"column":29}},"20":{"start":{"line":69,"column":4},"end":{"line":71,"column":5}},"21":{"start":{"line":70,"column":6},"end":{"line":70,"column":29}},"22":{"start":{"line":84,"column":4},"end":{"line":94,"column":5}},"23":{"start":{"line":85,"column":6},"end":{"line":85,"column":29}},"24":{"start":{"line":87,"column":6},"end":{"line":89,"column":7}},"25":{"start":{"line":88,"column":8},"end":{"line":88,"column":31}},"26":{"start":{"line":91,"column":6},"end":{"line":93,"column":7}},"27":{"start":{"line":92,"column":8},"end":{"line":92,"column":31}},"28":{"start":{"line":99,"column":4},"end":{"line":99,"column":21}},"29":{"start":{"line":106,"column":4},"end":{"line":106,"column":11}},"30":{"start":{"line":113,"column":4},"end":{"line":122,"column":5}},"31":{"start":{"line":115,"column":8},"end":{"line":115,"column":37}},"32":{"start":{"line":117,"column":8},"end":{"line":117,"column":38}},"33":{"start":{"line":119,"column":8},"end":{"line":119,"column":37}},"34":{"start":{"line":121,"column":8},"end":{"line":121,"column":35}},"35":{"start":{"line":128,"column":4},"end":{"line":128,"column":23}},"36":{"start":{"line":132,"column":4},"end":{"line":136,"column":5}},"37":{"start":{"line":132,"column":17},"end":{"line":132,"column":18}},"38":{"start":{"line":133,"column":19},"end":{"line":133,"column":32}},"39":{"start":{"line":134,"column":22},"end":{"line":134,"column":53}},"40":{"start":{"line":135,"column":6},"end":{"line":135,"column":27}},"41":{"start":{"line":138,"column":4},"end":{"line":138,"column":22}},"42":{"start":{"line":142,"column":0},"end":{"line":145,"column":2}},"43":{"start":{"line":147,"column":0},"end":{"line":147,"column":41}},"44":{"start":{"line":148,"column":0},"end":{"line":148,"column":45}},"45":{"start":{"line":149,"column":0},"end":{"line":149,"column":49}},"46":{"start":{"line":150,"column":0},"end":{"line":150,"column":51}},"47":{"start":{"line":151,"column":0},"end":{"line":151,"column":49}},"48":{"start":{"line":152,"column":0},"end":{"line":152,"column":47}},"49":{"start":{"line":153,"column":0},"end":{"line":153,"column":33}}},"fnMap":{"0":{"name":"(anonymous_0)","decl":{"start":{"line":2,"column":2},"end":{"line":2,"column":3}},"loc":{"start":{"line":2,"column":37},"end":{"line":6,"column":3}},"line":2},"1":{"name":"(anonymous_1)","decl":{"start":{"line":13,"column":2},"end":{"line":13,"column":3}},"loc":{"start":{"line":13,"column":15},"end":{"line":17,"column":3}},"line":13},"2":{"name":"(anonymous_2)","decl":{"start":{"line":22,"column":2},"end":{"line":22,"column":3}},"loc":{"start":{"line":22,"column":15},"end":{"line":34,"column":3}},"line":22},"3":{"name":"(anonymous_3)","decl":{"start":{"line":36,"column":2},"end":{"line":36,"column":3}},"loc":{"start":{"line":36,"column":33},"end":{"line":36,"column":35}},"line":36},"4":{"name":"(anonymous_4)","decl":{"start":{"line":37,"column":2},"end":{"line":37,"column":3}},"loc":{"start":{"line":37,"column":32},"end":{"line":37,"column":34}},"line":37},"5":{"name":"(anonymous_5)","decl":{"start":{"line":48,"column":2},"end":{"line":48,"column":3}},"loc":{"start":{"line":48,"column":19},"end":{"line":50,"column":3}},"line":48},"6":{"name":"(anonymous_6)","decl":{"start":{"line":54,"column":2},"end":{"line":54,"column":3}},"loc":{"start":{"line":54,"column":27},"end":{"line":58,"column":3}},"line":54},"7":{"name":"(anonymous_7)","decl":{"start":{"line":60,"column":2},"end":{"line":60,"column":3}},"loc":{"start":{"line":60,"column":26},"end":{"line":64,"column":3}},"line":60},"8":{"name":"(anonymous_8)","decl":{"start":{"line":68,"column":2},"end":{"line":68,"column":3}},"loc":{"start":{"line":68,"column":27},"end":{"line":72,"column":3}},"line":68},"9":{"name":"(anonymous_9)","decl":{"start":{"line":83,"column":2},"end":{"line":83,"column":3}},"loc":{"start":{"line":83,"column":27},"end":{"line":95,"column":3}},"line":83},"10":{"name":"(anonymous_10)","decl":{"start":{"line":97,"column":2},"end":{"line":97,"column":3}},"loc":{"start":{"line":97,"column":26},"end":{"line":100,"column":3}},"line":97},"11":{"name":"(anonymous_11)","decl":{"start":{"line":104,"column":2},"end":{"line":104,"column":3}},"loc":{"start":{"line":104,"column":15},"end":{"line":107,"column":3}},"line":104},"12":{"name":"(anonymous_12)","decl":{"start":{"line":112,"column":2},"end":{"line":112,"column":3}},"loc":{"start":{"line":112,"column":26},"end":{"line":123,"column":3}},"line":112},"13":{"name":"(anonymous_13)","decl":{"start":{"line":127,"column":2},"end":{"line":127,"column":3}},"loc":{"start":{"line":127,"column":26},"end":{"line":129,"column":3}},"line":127},"14":{"name":"(anonymous_14)","decl":{"start":{"line":131,"column":2},"end":{"line":131,"column":3}},"loc":{"start":{"line":131,"column":18},"end":{"line":139,"column":3}},"line":131}},"branchMap":{"0":{"loc":{"start":{"line":14,"column":4},"end":{"line":14,"column":42}},"type":"if","locations":[{"start":{"line":14,"column":4},"end":{"line":14,"column":42}},{"start":{},"end":{}}],"line":14},"1":{"loc":{"start":{"line":15,"column":4},"end":{"line":15,"column":42}},"type":"if","locations":[{"start":{"line":15,"column":4},"end":{"line":15,"column":42}},{"start":{},"end":{}}],"line":15},"2":{"loc":{"start":{"line":25,"column":4},"end":{"line":27,"column":5}},"type":"if","locations":[{"start":{"line":25,"column":4},"end":{"line":27,"column":5}},{"start":{},"end":{}}],"line":25},"3":{"loc":{"start":{"line":29,"column":4},"end":{"line":31,"column":5}},"type":"if","locations":[{"start":{"line":29,"column":4},"end":{"line":31,"column":5}},{"start":{},"end":{}}],"line":29},"4":{"loc":{"start":{"line":55,"column":4},"end":{"line":57,"column":5}},"type":"if","locations":[{"start":{"line":55,"column":4},"end":{"line":57,"column":5}},{"start":{},"end":{}}],"line":55},"5":{"loc":{"start":{"line":55,"column":8},"end":{"line":55,"column":50}},"type":"binary-expr","locations":[{"start":{"line":55,"column":8},"end":{"line":55,"column":24}},{"start":{"line":55,"column":28},"end":{"line":55,"column":50}}],"line":55},"6":{"loc":{"start":{"line":61,"column":4},"end":{"line":63,"column":5}},"type":"if","locations":[{"start":{"line":61,"column":4},"end":{"line":63,"column":5}},{"start":{},"end":{}}],"line":61},"7":{"loc":{"start":{"line":61,"column":8},"end":{"line":61,"column":50}},"type":"binary-expr","locations":[{"start":{"line":61,"column":8},"end":{"line":61,"column":24}},{"start":{"line":61,"column":28},"end":{"line":61,"column":50}}],"line":61},"8":{"loc":{"start":{"line":69,"column":4},"end":{"line":71,"column":5}},"type":"if","locations":[{"start":{"line":69,"column":4},"end":{"line":71,"column":5}},{"start":{},"end":{}}],"line":69},"9":{"loc":{"start":{"line":84,"column":4},"end":{"line":94,"column":5}},"type":"if","locations":[{"start":{"line":84,"column":4},"end":{"line":94,"column":5}},{"start":{},"end":{}}],"line":84},"10":{"loc":{"start":{"line":87,"column":6},"end":{"line":89,"column":7}},"type":"if","locations":[{"start":{"line":87,"column":6},"end":{"line":89,"column":7}},{"start":{},"end":{}}],"line":87},"11":{"loc":{"start":{"line":87,"column":10},"end":{"line":87,"column":56}},"type":"binary-expr","locations":[{"start":{"line":87,"column":10},"end":{"line":87,"column":26}},{"start":{"line":87,"column":30},"end":{"line":87,"column":56}}],"line":87},"12":{"loc":{"start":{"line":91,"column":6},"end":{"line":93,"column":7}},"type":"if","locations":[{"start":{"line":91,"column":6},"end":{"line":93,"column":7}},{"start":{},"end":{}}],"line":91},"13":{"loc":{"start":{"line":91,"column":10},"end":{"line":91,"column":55}},"type":"binary-expr","locations":[{"start":{"line":91,"column":10},"end":{"line":91,"column":25}},{"start":{"line":91,"column":29},"end":{"line":91,"column":55}}],"line":91},"14":{"loc":{"start":{"line":113,"column":4},"end":{"line":122,"column":5}},"type":"switch","locations":[{"start":{"line":114,"column":6},"end":{"line":115,"column":37}},{"start":{"line":116,"column":6},"end":{"line":117,"column":38}},{"start":{"line":118,"column":6},"end":{"line":119,"column":37}},{"start":{"line":120,"column":6},"end":{"line":121,"column":35}}],"line":113},"15":{"loc":{"start":{"line":127,"column":14},"end":{"line":127,"column":24}},"type":"default-arg","locations":[{"start":{"line":127,"column":22},"end":{"line":127,"column":24}}],"line":127}},"s":{"0":42,"1":42,"2":42,"3":1,"4":30,"5":2,"6":28,"7":2,"8":26,"9":27,"10":27,"11":25,"12":27,"13":6,"14":27,"15":37,"16":9,"17":5,"18":3,"19":2,"20":6,"21":3,"22":14,"23":12,"24":12,"25":8,"26":12,"27":5,"28":2,"29":2,"30":25,"31":6,"32":9,"33":3,"34":7,"35":19,"36":19,"37":19,"38":21,"39":21,"40":21,"41":19,"42":1,"43":1,"44":1,"45":1,"46":1,"47":1,"48":1,"49":1},"f":{"0":42,"1":30,"2":27,"3":3,"4":1,"5":37,"6":9,"7":3,"8":6,"9":14,"10":2,"11":2,"12":25,"13":19,"14":19},"b":{"0":[2,28],"1":[2,26],"2":[25,2],"3":[6,21],"4":[5,4],"5":[9,6],"6":[2,1],"7":[3,2],"8":[3,3],"9":[12,2],"10":[8,4],"11":[12,9],"12":[5,7],"13":[12,6],"14":[6,9,3,7],"15":[1]},"_coverageSchema":"1a1c01bbd47fc00a2c39e90264f33305004495a9","hash":"4debd3ebba8d464ed91c1949958431a5e415f2d1"}
}
