TN:
SF:src\gilded_rose.js
FN:2,(anonymous_0)
FN:13,(anonymous_1)
FN:22,(anonymous_2)
FN:36,(anonymous_3)
FN:37,(anonymous_4)
FN:48,(anonymous_5)
FN:54,(anonymous_6)
FN:60,(anonymous_7)
FN:68,(anonymous_8)
FN:83,(anonymous_9)
FN:97,(anonymous_10)
FN:104,(anonymous_11)
FN:112,(anonymous_12)
FN:127,(anonymous_13)
FN:131,(anonymous_14)
FNF:15
FNH:15
FNDA:42,(anonymous_0)
FNDA:30,(anonymous_1)
FNDA:27,(anonymous_2)
FNDA:3,(anonymous_3)
FNDA:1,(anonymous_4)
FNDA:37,(anonymous_5)
FNDA:9,(anonymous_6)
FNDA:3,(anonymous_7)
FNDA:6,(anonymous_8)
FNDA:14,(anonymous_9)
FNDA:2,(anonymous_10)
FNDA:2,(anonymous_11)
FNDA:25,(anonymous_12)
FNDA:19,(anonymous_13)
FNDA:19,(anonymous_14)
DA:3,42
DA:4,42
DA:5,42
DA:10,1
DA:14,30
DA:15,28
DA:16,26
DA:23,27
DA:25,27
DA:26,25
DA:29,27
DA:30,6
DA:33,27
DA:49,37
DA:55,9
DA:56,5
DA:61,3
DA:62,2
DA:69,6
DA:70,3
DA:84,14
DA:85,12
DA:87,12
DA:88,8
DA:91,12
DA:92,5
DA:99,2
DA:106,2
DA:113,25
DA:115,6
DA:117,9
DA:119,3
DA:121,7
DA:128,19
DA:132,19
DA:133,21
DA:134,21
DA:135,21
DA:138,19
DA:142,1
DA:147,1
DA:148,1
DA:149,1
DA:150,1
DA:151,1
DA:152,1
DA:153,1
LF:47
LH:47
BRDA:14,0,0,2
BRDA:14,0,1,28
BRDA:15,1,0,2
BRDA:15,1,1,26
BRDA:25,2,0,25
BRDA:25,2,1,2
BRDA:29,3,0,6
BRDA:29,3,1,21
BRDA:55,4,0,5
BRDA:55,4,1,4
BRDA:55,5,0,9
BRDA:55,5,1,6
BRDA:61,6,0,2
BRDA:61,6,1,1
BRDA:61,7,0,3
BRDA:61,7,1,2
BRDA:69,8,0,3
BRDA:69,8,1,3
BRDA:84,9,0,12
BRDA:84,9,1,2
BRDA:87,10,0,8
BRDA:87,10,1,4
BRDA:87,11,0,12
BRDA:87,11,1,9
BRDA:91,12,0,5
BRDA:91,12,1,7
BRDA:91,13,0,12
BRDA:91,13,1,6
BRDA:113,14,0,6
BRDA:113,14,1,9
BRDA:113,14,2,3
BRDA:113,14,3,7
BRDA:127,15,0,1
BRF:33
BRH:33
end_of_record
